[2018-02-21 16:17:09]	Started game
[2018-02-21 16:23:16]	Started game
[2018-02-21 16:25:53]	Started game
[2018-02-21 16:29:37]	Started game
[2018-02-21 16:33:08]	Started game
[2018-02-21 18:39:03]	Started game
[2018-02-21 18:39:03]	Loading obj at ../data/models/skybox.obj
[2018-02-21 18:39:04]	Loading obj at ../data/models/sand1.obj
[2018-02-21 18:39:04]	Loading obj at ../data/models/sand2.obj
[2018-02-21 18:39:04]	Loading obj at ../data/models/sand3.obj
[2018-02-21 18:39:04]	Loading obj at ../data/models/wall.obj
[2018-02-21 18:39:04]	Loading obj at ../data/models/brickCube.obj
[2018-02-21 18:39:04]	Loading obj at ../data/models/miningTower.obj
[2018-02-21 18:39:04]	Loading obj at ../data/models/photonTower.obj
[2018-02-21 18:39:07]	FAILED TO INITIALIZE TILE OF TYPE 0
[2018-02-21 18:39:09]	FAILED TO INITIALIZE TILE OF TYPE 0
[2018-02-21 18:39:12]	FAILED TO INITIALIZE TILE OF TYPE 0
[2018-02-21 18:39:14]	FAILED TO INITIALIZE TILE OF TYPE 0
[2018-02-21 18:39:17]	FAILED TO INITIALIZE TILE OF TYPE 0
[2018-02-21 18:39:19]	FAILED TO INITIALIZE TILE OF TYPE 0
[2018-02-21 18:39:20]	FAILED TO INITIALIZE TILE OF TYPE 6
[2018-02-21 18:39:22]	FAILED TO INITIALIZE TILE OF TYPE 0
[2018-02-21 18:39:24]	FAILED TO INITIALIZE TILE OF TYPE 4
[2018-02-21 18:39:24]	FAILED TO INITIALIZE TILE OF TYPE 0
[2018-02-21 20:23:11]	Started game
[2018-02-21 20:23:12]	Loading obj at ../data/models/skybox.obj
[2018-02-21 20:23:13]	Loading level... 
[2018-02-21 20:23:13]	Loading obj at ../data/models/sand1.obj
[2018-02-21 20:23:13]	Converting to mesh... 
[2018-02-21 20:23:13]	Loading obj at ../data/models/sand2.obj
[2018-02-21 20:23:13]	Converting to mesh... 
[2018-02-21 20:23:13]	Loading obj at ../data/models/sand3.obj
[2018-02-21 20:23:13]	Converting to mesh... 
[2018-02-21 20:23:13]	Loading obj at ../data/models/wall.obj
[2018-02-21 20:23:13]	Converting to mesh... 
[2018-02-21 20:23:13]	Loading obj at ../data/models/brickCube.obj
[2018-02-21 20:23:13]	Converting to mesh... 
[2018-02-21 20:23:13]	Loading obj at ../data/models/miningTower.obj
[2018-02-21 20:23:13]	Converting to mesh... 
[2018-02-21 20:23:13]	Loading obj at ../data/models/photonTower.obj
[2018-02-21 20:23:13]	Converting to mesh... 
[2018-02-21 20:23:13]	Level loading complete.
[2018-02-21 20:23:13]	Loading obj at ../data/models/ball.obj
[2018-02-21 20:23:13]	Converting to mesh... 
[2018-02-21 20:24:57]	Started game
[2018-02-21 20:24:57]	Loading obj at ../data/models/skybox.obj
[2018-02-21 20:24:58]	Loading level... 
[2018-02-21 20:24:58]	Loading obj at ../data/models/sand1.obj
[2018-02-21 20:24:58]	Converting to mesh... 
[2018-02-21 20:24:58]	Loading obj at ../data/models/sand2.obj
[2018-02-21 20:24:58]	Converting to mesh... 
[2018-02-21 20:24:58]	Loading obj at ../data/models/sand3.obj
[2018-02-21 20:24:58]	Converting to mesh... 
[2018-02-21 20:24:58]	Loading obj at ../data/models/wall.obj
[2018-02-21 20:24:58]	Converting to mesh... 
[2018-02-21 20:24:58]	Loading obj at ../data/models/brickCube.obj
[2018-02-21 20:24:58]	Converting to mesh... 
[2018-02-21 20:24:58]	Loading obj at ../data/models/miningTower.obj
[2018-02-21 20:24:58]	Converting to mesh... 
[2018-02-21 20:24:58]	Loading obj at ../data/models/photonTower.obj
[2018-02-21 20:24:58]	Converting to mesh... 
[2018-02-21 20:24:58]	Level loading complete.
[2018-02-21 20:24:58]	Loading obj at ../data/models/ball.obj
[2018-02-21 20:24:58]	Converting to mesh... 
[2018-02-22 18:40:53]	Started game
[2018-02-22 18:40:54]	Loading obj at ../data/models/skybox.obj
[2018-02-22 18:40:55]	Loading level... 
[2018-02-22 18:40:55]	Loading obj at ../data/models/sand1.obj
[2018-02-22 18:40:55]	Converting to mesh... 
[2018-02-22 18:40:55]	Loading obj at ../data/models/sand2.obj
[2018-02-22 18:40:55]	Converting to mesh... 
[2018-02-22 18:40:55]	Loading obj at ../data/models/sand3.obj
[2018-02-22 18:40:55]	Converting to mesh... 
[2018-02-22 18:40:55]	Loading obj at ../data/models/wall.obj
[2018-02-22 18:40:55]	Converting to mesh... 
[2018-02-22 18:40:55]	Loading obj at ../data/models/brickCube.obj
[2018-02-22 18:40:55]	Converting to mesh... 
[2018-02-22 18:40:55]	Loading obj at ../data/models/miningTower.obj
[2018-02-22 18:40:55]	Converting to mesh... 
[2018-02-22 18:40:55]	Loading obj at ../data/models/photonTower.obj
[2018-02-22 18:40:55]	Converting to mesh... 
[2018-02-22 18:40:55]	Level loading complete.
[2018-02-22 18:40:55]	Loading obj at ../data/models/ball.obj
[2018-02-22 18:40:55]	Converting to mesh... 
[2018-02-22 19:04:07]	Started game
[2018-02-22 19:04:08]	Loading obj at ../data/models/skybox.obj
[2018-02-22 19:04:09]	Loading level... 
[2018-02-22 19:04:10]	Loading obj at ../data/models/sand1.obj
[2018-02-22 19:04:10]	Converting to mesh... 
[2018-02-22 19:04:10]	Loading obj at ../data/models/sand2.obj
[2018-02-22 19:04:10]	Converting to mesh... 
[2018-02-22 19:04:10]	Loading obj at ../data/models/sand3.obj
[2018-02-22 19:04:10]	Converting to mesh... 
[2018-02-22 19:04:10]	Loading obj at ../data/models/wall.obj
[2018-02-22 19:04:10]	Converting to mesh... 
[2018-02-22 19:04:10]	Loading obj at ../data/models/brickCube.obj
[2018-02-22 19:04:10]	Converting to mesh... 
[2018-02-22 19:04:10]	Loading obj at ../data/models/miningTower.obj
[2018-02-22 19:04:10]	Converting to mesh... 
[2018-02-22 19:04:10]	Loading obj at ../data/models/photonTower.obj
[2018-02-22 19:04:10]	Converting to mesh... 
[2018-02-22 19:04:13]	Level loading complete.
[2018-02-22 19:04:13]	Loading obj at ../data/models/ball.obj
[2018-02-22 19:04:13]	Converting to mesh... 
[2018-02-22 19:06:25]	Started game
[2018-02-22 19:06:26]	Loading obj at ../data/models/skybox.obj
[2018-02-22 19:06:27]	Loading level... 
[2018-02-22 19:06:27]	Loading obj at ../data/models/sand1.obj
[2018-02-22 19:06:27]	Converting to mesh... 
[2018-02-22 19:06:27]	Loading obj at ../data/models/sand2.obj
[2018-02-22 19:06:27]	Converting to mesh... 
[2018-02-22 19:06:27]	Loading obj at ../data/models/sand3.obj
[2018-02-22 19:06:27]	Converting to mesh... 
[2018-02-22 19:06:27]	Loading obj at ../data/models/wall.obj
[2018-02-22 19:06:27]	Converting to mesh... 
[2018-02-22 19:06:27]	Loading obj at ../data/models/brickCube.obj
[2018-02-22 19:06:27]	Converting to mesh... 
[2018-02-22 19:06:27]	Loading obj at ../data/models/miningTower.obj
[2018-02-22 19:06:27]	Converting to mesh... 
[2018-02-22 19:06:27]	Loading obj at ../data/models/photonTower.obj
[2018-02-22 19:06:27]	Converting to mesh... 
[2018-02-22 19:06:27]	Level loading complete.
[2018-02-22 19:06:27]	Loading obj at ../data/models/ball.obj
[2018-02-22 19:06:27]	Converting to mesh... 
[2018-02-22 19:36:45]	Started game
[2018-02-22 19:36:46]	Loading obj at ../data/models/skybox.obj
[2018-02-22 19:36:47]	Loading level... 
[2018-02-22 19:36:47]	Loading obj at ../data/models/sand1.obj
[2018-02-22 19:36:47]	Converting to mesh... 
[2018-02-22 19:36:47]	Loading obj at ../data/models/sand2.obj
[2018-02-22 19:36:47]	Converting to mesh... 
[2018-02-22 19:36:47]	Loading obj at ../data/models/sand3.obj
[2018-02-22 19:36:47]	Converting to mesh... 
[2018-02-22 19:36:47]	Loading obj at ../data/models/wall.obj
[2018-02-22 19:36:47]	Converting to mesh... 
[2018-02-22 19:36:47]	Loading obj at ../data/models/brickCube.obj
[2018-02-22 19:36:47]	Converting to mesh... 
[2018-02-22 19:36:47]	Loading obj at ../data/models/miningTower.obj
[2018-02-22 19:36:47]	Converting to mesh... 
[2018-02-22 19:36:47]	Loading obj at ../data/models/photonTower.obj
[2018-02-22 19:36:47]	Converting to mesh... 
[2018-02-22 19:36:47]	Level loading complete.
[2018-02-22 19:36:47]	Loading obj at ../data/models/ball.obj
[2018-02-22 19:36:47]	Converting to mesh... 
[2018-02-22 21:44:39]	Started game
[2018-02-22 21:44:40]	Loading obj at ../data/models/skybox.obj
[2018-02-22 21:44:41]	Loading level... 
[2018-02-22 21:44:41]	Loading obj at ../data/models/sand1.obj
[2018-02-22 21:44:41]	Converting to mesh... 
[2018-02-22 21:44:41]	Loading obj at ../data/models/sand2.obj
[2018-02-22 21:44:41]	Converting to mesh... 
[2018-02-22 21:44:41]	Loading obj at ../data/models/sand3.obj
[2018-02-22 21:44:41]	Converting to mesh... 
[2018-02-22 21:44:41]	Loading obj at ../data/models/wall.obj
[2018-02-22 21:44:41]	Converting to mesh... 
[2018-02-22 21:44:41]	Loading obj at ../data/models/brickCube.obj
[2018-02-22 21:44:41]	Converting to mesh... 
[2018-02-22 21:44:41]	Loading obj at ../data/models/miningTower.obj
[2018-02-22 21:44:41]	Converting to mesh... 
[2018-02-22 21:44:41]	Loading obj at ../data/models/photonTower.obj
[2018-02-22 21:44:41]	Converting to mesh... 
[2018-02-22 21:44:41]	Level loading complete.
[2018-02-22 21:44:41]	Loading obj at ../data/models/ball.obj
[2018-02-22 21:44:41]	Converting to mesh... 
[2018-02-22 21:45:18]	Started game
[2018-02-22 21:45:19]	Loading obj at ../data/models/skybox.obj
[2018-02-22 21:45:20]	Loading level... 
[2018-02-22 21:45:20]	Loading obj at ../data/models/sand1.obj
[2018-02-22 21:45:20]	Converting to mesh... 
[2018-02-22 21:45:20]	Loading obj at ../data/models/sand2.obj
[2018-02-22 21:45:20]	Converting to mesh... 
[2018-02-22 21:45:20]	Loading obj at ../data/models/sand3.obj
[2018-02-22 21:45:20]	Converting to mesh... 
[2018-02-22 21:45:20]	Loading obj at ../data/models/wall.obj
[2018-02-22 21:45:20]	Converting to mesh... 
[2018-02-22 21:45:20]	Loading obj at ../data/models/brickCube.obj
[2018-02-22 21:45:20]	Converting to mesh... 
[2018-02-22 21:45:20]	Loading obj at ../data/models/miningTower.obj
[2018-02-22 21:45:20]	Converting to mesh... 
[2018-02-22 21:45:20]	Loading obj at ../data/models/photonTower.obj
[2018-02-22 21:45:20]	Converting to mesh... 
[2018-02-22 21:45:21]	Level loading complete.
[2018-02-22 21:45:21]	Loading obj at ../data/models/ball.obj
[2018-02-22 21:45:21]	Converting to mesh... 
[2018-02-23 09:59:22]	Started game
[2018-02-23 09:59:23]	Loading obj at ../data/models/skybox.obj
[2018-02-23 09:59:25]	Loading level... 
[2018-02-23 09:59:25]	Loading obj at ../data/models/sand1.obj
[2018-02-23 09:59:25]	Converting to mesh... 
[2018-02-23 09:59:25]	Loading obj at ../data/models/sand2.obj
[2018-02-23 09:59:25]	Converting to mesh... 
[2018-02-23 09:59:25]	Loading obj at ../data/models/sand3.obj
[2018-02-23 09:59:25]	Converting to mesh... 
[2018-02-23 09:59:25]	Loading obj at ../data/models/wall.obj
[2018-02-23 09:59:25]	Converting to mesh... 
[2018-02-23 09:59:25]	Loading obj at ../data/models/brickCube.obj
[2018-02-23 09:59:25]	Converting to mesh... 
[2018-02-23 09:59:25]	Loading obj at ../data/models/miningTower.obj
[2018-02-23 09:59:25]	Converting to mesh... 
[2018-02-23 09:59:25]	Loading obj at ../data/models/photonTower.obj
[2018-02-23 09:59:25]	Converting to mesh... 
[2018-02-23 09:59:25]	Loading obj at ../data/models/TurretBase.obj
[2018-02-23 09:59:25]	Converting to mesh... 
[2018-02-23 09:59:25]	Loading obj at ../data/models/TurretTop.obj
[2018-02-23 09:59:25]	Converting to mesh... 
[2018-02-23 09:59:25]	Loading obj at ../data/models/TurretGuns.obj
[2018-02-23 09:59:25]	Converting to mesh... 
[2018-02-23 09:59:25]	Level loading complete.
[2018-02-23 09:59:25]	Loading obj at ../data/models/ball.obj
[2018-02-23 09:59:25]	Converting to mesh... 
[2018-02-23 10:00:38]	Started game
[2018-02-23 10:00:38]	Loading obj at ../data/models/skybox.obj
[2018-02-23 10:00:39]	Loading level... 
[2018-02-23 10:00:39]	Loading obj at ../data/models/sand1.obj
[2018-02-23 10:00:39]	Converting to mesh... 
[2018-02-23 10:00:39]	Loading obj at ../data/models/sand2.obj
[2018-02-23 10:00:39]	Converting to mesh... 
[2018-02-23 10:00:39]	Loading obj at ../data/models/sand3.obj
[2018-02-23 10:00:39]	Converting to mesh... 
[2018-02-23 10:00:39]	Loading obj at ../data/models/wall.obj
[2018-02-23 10:00:39]	Converting to mesh... 
[2018-02-23 10:00:39]	Loading obj at ../data/models/brickCube.obj
[2018-02-23 10:00:39]	Converting to mesh... 
[2018-02-23 10:00:39]	Loading obj at ../data/models/miningTower.obj
[2018-02-23 10:00:39]	Converting to mesh... 
[2018-02-23 10:00:39]	Loading obj at ../data/models/photonTower.obj
[2018-02-23 10:00:39]	Converting to mesh... 
[2018-02-23 10:00:39]	Loading obj at ../data/models/TurretBase.obj
[2018-02-23 10:00:39]	Converting to mesh... 
[2018-02-23 10:00:39]	Loading obj at ../data/models/TurretTop.obj
[2018-02-23 10:00:39]	Converting to mesh... 
[2018-02-23 10:00:39]	Loading obj at ../data/models/TurretGuns.obj
[2018-02-23 10:00:39]	Converting to mesh... 
[2018-02-23 10:00:39]	Level loading complete.
[2018-02-23 10:00:39]	Loading obj at ../data/models/ball.obj
[2018-02-23 10:00:40]	Converting to mesh... 
[2018-02-23 10:04:12]	Started game
[2018-02-23 10:04:13]	Loading obj at ../data/models/skybox.obj
[2018-02-23 10:04:14]	Loading level... 
[2018-02-23 10:04:14]	Loading obj at ../data/models/sand1.obj
[2018-02-23 10:04:14]	Converting to mesh... 
[2018-02-23 10:04:14]	Loading obj at ../data/models/sand2.obj
[2018-02-23 10:04:14]	Converting to mesh... 
[2018-02-23 10:04:14]	Loading obj at ../data/models/sand3.obj
[2018-02-23 10:04:14]	Converting to mesh... 
[2018-02-23 10:04:14]	Loading obj at ../data/models/wall.obj
[2018-02-23 10:04:14]	Converting to mesh... 
[2018-02-23 10:04:14]	Loading obj at ../data/models/brickCube.obj
[2018-02-23 10:04:14]	Converting to mesh... 
[2018-02-23 10:04:14]	Loading obj at ../data/models/miningTower.obj
[2018-02-23 10:04:14]	Converting to mesh... 
[2018-02-23 10:04:14]	Loading obj at ../data/models/photonTower.obj
[2018-02-23 10:04:14]	Converting to mesh... 
[2018-02-23 10:04:14]	Loading obj at ../data/models/TurretBase.obj
[2018-02-23 10:04:14]	Converting to mesh... 
[2018-02-23 10:04:14]	Loading obj at ../data/models/TurretTop.obj
[2018-02-23 10:04:14]	Converting to mesh... 
[2018-02-23 10:04:14]	Loading obj at ../data/models/TurretGuns.obj
[2018-02-23 10:04:14]	Converting to mesh... 
[2018-02-23 10:04:14]	Level loading complete.
[2018-02-23 10:04:14]	Loading obj at ../data/models/ball.obj
[2018-02-23 10:04:14]	Converting to mesh... 
[2018-02-23 10:28:04]	Started game
[2018-02-23 10:28:05]	Loading obj at ../data/models/skybox.obj
[2018-02-23 10:28:06]	Loading level... 
[2018-02-23 10:28:06]	Loading obj at ../data/models/sand1.obj
[2018-02-23 10:28:06]	Converting to mesh... 
[2018-02-23 10:28:06]	Loading obj at ../data/models/sand2.obj
[2018-02-23 10:28:06]	Converting to mesh... 
[2018-02-23 10:28:06]	Loading obj at ../data/models/sand3.obj
[2018-02-23 10:28:06]	Converting to mesh... 
[2018-02-23 10:28:06]	Loading obj at ../data/models/wall.obj
[2018-02-23 10:28:06]	Converting to mesh... 
[2018-02-23 10:28:06]	Loading obj at ../data/models/brickCube.obj
[2018-02-23 10:28:06]	Converting to mesh... 
[2018-02-23 10:28:07]	Loading obj at ../data/models/miningTower.obj
[2018-02-23 10:28:07]	Converting to mesh... 
[2018-02-23 10:28:07]	Loading obj at ../data/models/photonTower.obj
[2018-02-23 10:28:07]	Converting to mesh... 
[2018-02-23 10:28:07]	Loading obj at ../data/models/TurretBase.obj
[2018-02-23 10:28:07]	Converting to mesh... 
[2018-02-23 10:28:07]	Loading obj at ../data/models/TurretTop.obj
[2018-02-23 10:28:07]	Converting to mesh... 
[2018-02-23 10:28:07]	Loading obj at ../data/models/TurretGuns.obj
[2018-02-23 10:28:07]	Converting to mesh... 
[2018-02-23 10:28:07]	Level loading complete.
[2018-02-23 10:28:07]	Loading obj at ../data/models/ball.obj
[2018-02-23 10:28:07]	Converting to mesh... 
[2018-02-23 11:14:33]	Started game
[2018-02-23 11:14:33]	Loading obj at ../data/models/skybox.obj
[2018-02-23 11:14:34]	Loading level... 
[2018-02-23 11:14:34]	Loading obj at ../data/models/sand1.obj
[2018-02-23 11:14:34]	Converting to mesh... 
[2018-02-23 11:14:34]	Loading obj at ../data/models/sand2.obj
[2018-02-23 11:14:34]	Converting to mesh... 
[2018-02-23 11:14:34]	Loading obj at ../data/models/sand3.obj
[2018-02-23 11:14:34]	Converting to mesh... 
[2018-02-23 11:14:34]	Loading obj at ../data/models/wall.obj
[2018-02-23 11:14:34]	Converting to mesh... 
[2018-02-23 11:14:34]	Loading obj at ../data/models/brickCube.obj
[2018-02-23 11:14:34]	Converting to mesh... 
[2018-02-23 11:14:34]	Loading obj at ../data/models/miningTower.obj
[2018-02-23 11:14:35]	Converting to mesh... 
[2018-02-23 11:14:35]	Loading obj at ../data/models/photonTower.obj
[2018-02-23 11:14:35]	Converting to mesh... 
[2018-02-23 11:14:35]	Loading obj at ../data/models/TurretBase.obj
[2018-02-23 11:14:35]	Converting to mesh... 
[2018-02-23 11:14:35]	Loading obj at ../data/models/TurretTop.obj
[2018-02-23 11:14:35]	Converting to mesh... 
[2018-02-23 11:14:35]	Loading obj at ../data/models/TurretGuns.obj
[2018-02-23 11:14:35]	Converting to mesh... 
[2018-02-23 11:14:35]	Level loading complete.
[2018-02-23 11:14:35]	Loading obj at ../data/models/ball.obj
[2018-02-23 11:14:35]	Converting to mesh... 
[2018-02-23 14:12:22]	Started game
[2018-02-23 14:12:22]	Loading obj at ../data/models/skybox.obj
[2018-02-23 14:12:23]	Loading level... 
[2018-02-23 14:12:23]	Loading obj at ../data/models/sand1.obj
[2018-02-23 14:12:23]	Converting to meshes... 
[2018-02-23 14:12:23]	Loading obj at ../data/models/sand2.obj
[2018-02-23 14:12:24]	Converting to meshes... 
[2018-02-23 14:12:24]	Loading obj at ../data/models/sand3.obj
[2018-02-23 14:12:24]	Converting to meshes... 
[2018-02-23 14:12:24]	Loading obj at ../data/models/wall.obj
[2018-02-23 14:12:24]	Converting to meshes... 
[2018-02-23 14:12:24]	Loading obj at ../data/models/brickCube.obj
[2018-02-23 14:12:24]	Converting to meshes... 
[2018-02-23 14:12:24]	Loading obj at ../data/models/miningTower.obj
[2018-02-23 14:12:24]	Converting to meshes... 
[2018-02-23 14:12:24]	Loading obj at ../data/models/photonTower.obj
[2018-02-23 14:12:24]	Converting to meshes... 
[2018-02-23 14:12:24]	Loading obj at ../data/models/TurretBase.obj
[2018-02-23 14:12:24]	Converting to meshes... 
[2018-02-23 14:12:24]	Loading obj at ../data/models/TurretTop.obj
[2018-02-23 14:12:24]	Converting to meshes... 
[2018-02-23 14:12:24]	Loading obj at ../data/models/TurretGuns.obj
[2018-02-23 14:12:24]	Converting to meshes... 
[2018-02-23 14:12:24]	Level loading complete.
[2018-02-23 14:12:24]	Loading obj at ../data/models/ball.obj
[2018-02-23 14:12:24]	Converting to meshes... 
[2018-02-23 14:25:09]	Started game
[2018-02-23 14:25:10]	Loading obj at ../data/models/skybox.obj
[2018-02-23 14:25:11]	Loading level... 
[2018-02-23 14:25:11]	Loading obj at ../data/models/sand1.obj
[2018-02-23 14:25:11]	Converting to meshes... 
[2018-02-23 14:25:11]	Loading obj at ../data/models/sand2.obj
[2018-02-23 14:25:11]	Converting to meshes... 
[2018-02-23 14:25:11]	Loading obj at ../data/models/sand3.obj
[2018-02-23 14:25:11]	Converting to meshes... 
[2018-02-23 14:25:11]	Loading obj at ../data/models/wall.obj
[2018-02-23 14:25:11]	Converting to meshes... 
[2018-02-23 14:25:11]	Loading obj at ../data/models/brickCube.obj
[2018-02-23 14:25:11]	Converting to meshes... 
[2018-02-23 14:25:11]	Loading obj at ../data/models/miningTower.obj
[2018-02-23 14:25:11]	Converting to meshes... 
[2018-02-23 14:25:11]	Loading obj at ../data/models/photonTower.obj
[2018-02-23 14:25:11]	Converting to meshes... 
[2018-02-23 14:25:11]	Loading obj at ../data/models/TurretBase.obj
[2018-02-23 14:25:11]	Converting to meshes... 
[2018-02-23 14:25:11]	Loading obj at ../data/models/TurretTop.obj
[2018-02-23 14:25:11]	Converting to meshes... 
[2018-02-23 14:25:11]	Loading obj at ../data/models/TurretGuns.obj
[2018-02-23 14:25:11]	Converting to meshes... 
[2018-02-23 14:25:11]	Level loading complete.
[2018-02-23 14:25:11]	Loading obj at ../data/models/ball.obj
[2018-02-23 14:25:11]	Converting to meshes... 
[2018-02-23 16:04:45]	Started game
[2018-02-23 16:04:46]	Loading obj at ../data/models/skybox.obj
[2018-02-23 16:04:47]	Loading level... 
[2018-02-23 16:04:47]	Loading obj at ../data/models/sand1.obj
[2018-02-23 16:04:47]	Converting to meshes... 
[2018-02-23 16:04:47]	Loading obj at ../data/models/sand2.obj
[2018-02-23 16:04:47]	Converting to meshes... 
[2018-02-23 16:04:47]	Loading obj at ../data/models/sand3.obj
[2018-02-23 16:04:47]	Converting to meshes... 
[2018-02-23 16:04:47]	Loading obj at ../data/models/wall.obj
[2018-02-23 16:04:47]	Converting to meshes... 
[2018-02-23 16:04:47]	Loading obj at ../data/models/brickCube.obj
[2018-02-23 16:04:47]	Converting to meshes... 
[2018-02-23 16:04:47]	Loading obj at ../data/models/miningTower.obj
[2018-02-23 16:04:47]	Converting to meshes... 
[2018-02-23 16:04:47]	Loading obj at ../data/models/photonTower.obj
[2018-02-23 16:04:47]	Converting to meshes... 
[2018-02-23 16:04:47]	Loading obj at ../data/models/TurretBase.obj
[2018-02-23 16:04:48]	Converting to meshes... 
[2018-02-23 16:04:48]	Loading obj at ../data/models/TurretTop.obj
[2018-02-23 16:04:48]	Converting to meshes... 
[2018-02-23 16:04:48]	Loading obj at ../data/models/TurretGuns.obj
[2018-02-23 16:04:48]	Converting to meshes... 
[2018-02-23 16:04:48]	Level loading complete.
[2018-02-23 16:04:48]	Loading obj at ../data/models/ball.obj
[2018-02-23 16:04:48]	Converting to meshes... 
[2018-02-23 16:20:45]	Started game
[2018-02-23 16:20:46]	Loading obj at ../data/models/skybox.obj
[2018-02-23 16:20:47]	Loading level... 
[2018-02-23 16:20:47]	Loading obj at ../data/models/sand1.obj
[2018-02-23 16:20:47]	Converting to meshes... 
[2018-02-23 16:20:47]	Loading obj at ../data/models/sand2.obj
[2018-02-23 16:20:47]	Converting to meshes... 
[2018-02-23 16:20:47]	Loading obj at ../data/models/sand3.obj
[2018-02-23 16:20:47]	Converting to meshes... 
[2018-02-23 16:20:47]	Loading obj at ../data/models/wall.obj
[2018-02-23 16:20:47]	Converting to meshes... 
[2018-02-23 16:20:47]	Loading obj at ../data/models/brickCube.obj
[2018-02-23 16:20:47]	Converting to meshes... 
[2018-02-23 16:20:47]	Loading obj at ../data/models/miningTower.obj
[2018-02-23 16:20:47]	Converting to meshes... 
[2018-02-23 16:20:47]	Loading obj at ../data/models/photonTower.obj
[2018-02-23 16:20:47]	Converting to meshes... 
[2018-02-23 16:20:47]	Loading obj at ../data/models/TurretBase.obj
[2018-02-23 16:20:47]	Converting to meshes... 
[2018-02-23 16:20:47]	Loading obj at ../data/models/TurretTop.obj
[2018-02-23 16:20:47]	Converting to meshes... 
[2018-02-23 16:20:47]	Loading obj at ../data/models/TurretGunsLeft.obj
[2018-02-23 16:20:47]	Converting to meshes... 
[2018-02-23 16:20:47]	Loading obj at ../data/models/TurretGunsLeft.obj
[2018-02-23 16:20:47]	Converting to meshes... 
[2018-02-23 16:20:47]	Level loading complete.
[2018-02-23 16:20:47]	Loading obj at ../data/models/ball.obj
[2018-02-23 16:20:47]	Converting to meshes... 
[2018-02-23 16:21:09]	Started game
[2018-02-23 16:21:09]	Loading obj at ../data/models/skybox.obj
[2018-02-23 16:21:10]	Loading level... 
[2018-02-23 16:21:10]	Loading obj at ../data/models/sand1.obj
[2018-02-23 16:21:10]	Converting to meshes... 
[2018-02-23 16:21:10]	Loading obj at ../data/models/sand2.obj
[2018-02-23 16:21:10]	Converting to meshes... 
[2018-02-23 16:21:10]	Loading obj at ../data/models/sand3.obj
[2018-02-23 16:21:10]	Converting to meshes... 
[2018-02-23 16:21:10]	Loading obj at ../data/models/wall.obj
[2018-02-23 16:21:10]	Converting to meshes... 
[2018-02-23 16:21:10]	Loading obj at ../data/models/brickCube.obj
[2018-02-23 16:21:11]	Converting to meshes... 
[2018-02-23 16:21:11]	Loading obj at ../data/models/miningTower.obj
[2018-02-23 16:21:11]	Converting to meshes... 
[2018-02-23 16:21:11]	Loading obj at ../data/models/photonTower.obj
[2018-02-23 16:21:11]	Converting to meshes... 
[2018-02-23 16:21:11]	Loading obj at ../data/models/TurretBase.obj
[2018-02-23 16:21:11]	Converting to meshes... 
[2018-02-23 16:21:11]	Loading obj at ../data/models/TurretTop.obj
[2018-02-23 16:21:11]	Converting to meshes... 
[2018-02-23 16:21:11]	Loading obj at ../data/models/TurretGunsLeft.obj
[2018-02-23 16:21:11]	Converting to meshes... 
[2018-02-23 16:21:11]	Loading obj at ../data/models/TurretGunsRight.obj
[2018-02-23 16:21:11]	Converting to meshes... 
[2018-02-23 16:21:11]	Level loading complete.
[2018-02-23 16:21:11]	Loading obj at ../data/models/ball.obj
[2018-02-23 16:21:11]	Converting to meshes... 
[2018-02-23 17:28:21]	Started game
[2018-02-23 17:28:22]	Loading obj at ../data/models/skybox.obj
[2018-02-23 17:28:23]	Loading level... 
[2018-02-23 17:28:23]	Loading obj at ../data/models/sand1.obj
[2018-02-23 17:28:23]	Converting to meshes... 
[2018-02-23 17:28:23]	Loading obj at ../data/models/sand2.obj
[2018-02-23 17:28:23]	Converting to meshes... 
[2018-02-23 17:28:23]	Loading obj at ../data/models/sand3.obj
[2018-02-23 17:28:23]	Converting to meshes... 
[2018-02-23 17:28:23]	Loading obj at ../data/models/wall.obj
[2018-02-23 17:28:23]	Converting to meshes... 
[2018-02-23 17:28:23]	Loading obj at ../data/models/brickCube.obj
[2018-02-23 17:28:23]	Converting to meshes... 
[2018-02-23 17:28:23]	Loading obj at ../data/models/miningTower.obj
[2018-02-23 17:28:23]	Converting to meshes... 
[2018-02-23 17:28:23]	Loading obj at ../data/models/photonTower.obj
[2018-02-23 17:28:23]	Converting to meshes... 
[2018-02-23 17:28:23]	Loading obj at ../data/models/TurretBase.obj
[2018-02-23 17:28:23]	Converting to meshes... 
[2018-02-23 17:28:23]	Loading obj at ../data/models/TurretTop.obj
[2018-02-23 17:28:23]	Converting to meshes... 
[2018-02-23 17:28:23]	Loading obj at ../data/models/TurretGunsLeft.obj
[2018-02-23 17:28:23]	Converting to meshes... 
[2018-02-23 17:28:23]	Loading obj at ../data/models/TurretGunsRight.obj
[2018-02-23 17:28:23]	Converting to meshes... 
[2018-02-23 17:28:23]	Level loading complete.
[2018-02-23 17:28:23]	Loading obj at ../data/models/ball.obj
[2018-02-23 17:28:23]	Converting to meshes... 
[2018-02-23 18:21:07]	Started game
[2018-02-23 18:21:08]	Loading obj at ../data/models/skybox.obj
[2018-02-23 18:21:09]	Loading level... 
[2018-02-23 18:21:09]	Loading obj at ../data/models/sand1.obj
[2018-02-23 18:21:09]	Converting to meshes... 
[2018-02-23 18:21:09]	Loading obj at ../data/models/sand2.obj
[2018-02-23 18:21:09]	Converting to meshes... 
[2018-02-23 18:21:09]	Loading obj at ../data/models/sand3.obj
[2018-02-23 18:21:09]	Converting to meshes... 
[2018-02-23 18:21:09]	Loading obj at ../data/models/wall.obj
[2018-02-23 18:21:09]	Converting to meshes... 
[2018-02-23 18:21:09]	Loading obj at ../data/models/brickCube.obj
[2018-02-23 18:21:09]	Converting to meshes... 
[2018-02-23 18:21:09]	Loading obj at ../data/models/miningTower.obj
[2018-02-23 18:21:09]	Converting to meshes... 
[2018-02-23 18:21:09]	Loading obj at ../data/models/photonTower.obj
[2018-02-23 18:21:09]	Converting to meshes... 
[2018-02-23 18:21:09]	Loading obj at ../data/models/TurretBase.obj
[2018-02-23 18:21:09]	Converting to meshes... 
[2018-02-23 18:21:09]	Loading obj at ../data/models/TurretTop.obj
[2018-02-23 18:21:09]	Converting to meshes... 
[2018-02-23 18:21:09]	Loading obj at ../data/models/TurretGunsLeft.obj
[2018-02-23 18:21:09]	Converting to meshes... 
[2018-02-23 18:21:09]	Loading obj at ../data/models/TurretGunsRight.obj
[2018-02-23 18:21:09]	Converting to meshes... 
[2018-02-23 18:21:09]	Level loading complete.
[2018-02-23 18:21:09]	Loading obj at ../data/models/ball.obj
[2018-02-23 18:21:09]	Converting to meshes... 
[2018-02-23 18:22:05]	Started game
[2018-02-23 18:22:05]	Loading obj at ../data/models/skybox.obj
[2018-02-23 18:22:16]	Started game
[2018-02-23 18:22:16]	Loading obj at ../data/models/skybox.obj
[2018-02-23 18:22:17]	Loading level... 
[2018-02-23 18:22:17]	Loading obj at ../data/models/sand1.obj
[2018-02-23 18:22:17]	Converting to meshes... 
[2018-02-23 18:22:17]	Loading obj at ../data/models/sand2.obj
[2018-02-23 18:22:17]	Converting to meshes... 
[2018-02-23 18:22:17]	Loading obj at ../data/models/sand3.obj
[2018-02-23 18:22:17]	Converting to meshes... 
[2018-02-23 18:22:17]	Loading obj at ../data/models/wall.obj
[2018-02-23 18:22:17]	Converting to meshes... 
[2018-02-23 18:22:17]	Loading obj at ../data/models/brickCube.obj
[2018-02-23 18:22:17]	Converting to meshes... 
[2018-02-23 18:22:17]	Loading obj at ../data/models/miningTower.obj
[2018-02-23 18:22:18]	Converting to meshes... 
[2018-02-23 18:22:18]	Loading obj at ../data/models/photonTower.obj
[2018-02-23 18:22:18]	Converting to meshes... 
[2018-02-23 18:22:18]	Loading obj at ../data/models/TurretBase.obj
[2018-02-23 18:22:18]	Converting to meshes... 
[2018-02-23 18:22:18]	Loading obj at ../data/models/TurretTop.obj
[2018-02-23 18:22:18]	Converting to meshes... 
[2018-02-23 18:22:18]	Loading obj at ../data/models/TurretGunsLeft.obj
[2018-02-23 18:22:18]	Converting to meshes... 
[2018-02-23 18:22:18]	Loading obj at ../data/models/TurretGunsRight.obj
[2018-02-23 18:22:18]	Converting to meshes... 
[2018-02-23 18:22:18]	Level loading complete.
[2018-02-23 18:22:18]	Loading obj at ../data/models/ball.obj
[2018-02-23 18:22:18]	Converting to meshes... 
[2018-02-23 18:25:55]	Started game
[2018-02-23 18:25:55]	Loading obj at ../data/models/skybox.obj
[2018-02-23 18:25:57]	Loading level... 
[2018-02-23 18:25:57]	Loading obj at ../data/models/sand1.obj
[2018-02-23 18:25:57]	Converting to meshes... 
[2018-02-23 18:25:57]	Loading obj at ../data/models/sand2.obj
[2018-02-23 18:25:57]	Converting to meshes... 
[2018-02-23 18:25:57]	Loading obj at ../data/models/sand3.obj
[2018-02-23 18:25:57]	Converting to meshes... 
[2018-02-23 18:25:57]	Loading obj at ../data/models/wall.obj
[2018-02-23 18:25:57]	Converting to meshes... 
[2018-02-23 18:25:57]	Loading obj at ../data/models/brickCube.obj
[2018-02-23 18:25:57]	Converting to meshes... 
[2018-02-23 18:25:57]	Loading obj at ../data/models/miningTower.obj
[2018-02-23 18:25:57]	Converting to meshes... 
[2018-02-23 18:25:57]	Loading obj at ../data/models/photonTower.obj
[2018-02-23 18:25:57]	Converting to meshes... 
[2018-02-23 18:25:57]	Loading obj at ../data/models/TurretBase.obj
[2018-02-23 18:25:57]	Converting to meshes... 
[2018-02-23 18:25:57]	Loading obj at ../data/models/TurretTop.obj
[2018-02-23 18:25:57]	Converting to meshes... 
[2018-02-23 18:25:57]	Loading obj at ../data/models/TurretGunsLeft.obj
[2018-02-23 18:25:57]	Converting to meshes... 
[2018-02-23 18:25:57]	Loading obj at ../data/models/TurretGunsRight.obj
[2018-02-23 18:25:57]	Converting to meshes... 
[2018-02-23 18:25:57]	Level loading complete.
[2018-02-23 18:25:57]	Loading obj at ../data/models/ball.obj
[2018-02-23 18:25:58]	Converting to meshes... 
[2018-02-23 19:12:56]	Started game
[2018-02-23 19:12:56]	Loading obj at ../data/models/skybox.obj
[2018-02-23 19:12:58]	Loading level... 
[2018-02-23 19:12:58]	Loading obj at ../data/models/sand1.obj
[2018-02-23 19:12:58]	Converting to meshes... 
[2018-02-23 19:12:58]	Loading obj at ../data/models/sand2.obj
[2018-02-23 19:12:58]	Converting to meshes... 
[2018-02-23 19:12:58]	Loading obj at ../data/models/sand3.obj
[2018-02-23 19:12:58]	Converting to meshes... 
[2018-02-23 19:12:58]	Loading obj at ../data/models/wall.obj
[2018-02-23 19:12:58]	Converting to meshes... 
[2018-02-23 19:12:58]	Loading obj at ../data/models/brickCube.obj
[2018-02-23 19:12:58]	Converting to meshes... 
[2018-02-23 19:12:58]	Loading obj at ../data/models/miningTower.obj
[2018-02-23 19:12:58]	Converting to meshes... 
[2018-02-23 19:12:58]	Loading obj at ../data/models/photonTower.obj
[2018-02-23 19:12:58]	Converting to meshes... 
[2018-02-23 19:12:58]	Loading obj at ../data/models/TurretBase.obj
[2018-02-23 19:12:58]	Converting to meshes... 
[2018-02-23 19:12:58]	Loading obj at ../data/models/TurretTop.obj
[2018-02-23 19:12:58]	Converting to meshes... 
[2018-02-23 19:12:58]	Loading obj at ../data/models/TurretGunsLeft.obj
[2018-02-23 19:12:58]	Converting to meshes... 
[2018-02-23 19:12:58]	Loading obj at ../data/models/TurretGunsRight.obj
[2018-02-23 19:12:58]	Converting to meshes... 
[2018-02-23 19:12:58]	Level loading complete.
[2018-02-23 19:12:58]	Loading obj at ../data/models/ball.obj
[2018-02-23 19:12:59]	Converting to meshes... 
[2018-02-23 19:14:39]	Started game
[2018-02-23 19:14:41]	Loading obj at ../data/models/skybox.obj
[2018-02-23 19:14:42]	Loading level... 
[2018-02-23 19:14:42]	Loading obj at ../data/models/sand1.obj
[2018-02-23 19:14:42]	Converting to meshes... 
[2018-02-23 19:14:42]	Loading obj at ../data/models/sand2.obj
[2018-02-23 19:14:42]	Converting to meshes... 
[2018-02-23 19:14:42]	Loading obj at ../data/models/sand3.obj
[2018-02-23 19:14:42]	Converting to meshes... 
[2018-02-23 19:14:42]	Loading obj at ../data/models/wall.obj
[2018-02-23 19:14:42]	Converting to meshes... 
[2018-02-23 19:14:42]	Loading obj at ../data/models/brickCube.obj
[2018-02-23 19:14:42]	Converting to meshes... 
[2018-02-23 19:14:42]	Loading obj at ../data/models/miningTower.obj
[2018-02-23 19:14:42]	Converting to meshes... 
[2018-02-23 19:14:42]	Loading obj at ../data/models/photonTower.obj
[2018-02-23 19:14:42]	Converting to meshes... 
[2018-02-23 19:14:42]	Loading obj at ../data/models/TurretBase.obj
[2018-02-23 19:14:42]	Converting to meshes... 
[2018-02-23 19:14:42]	Loading obj at ../data/models/TurretTop.obj
[2018-02-23 19:14:42]	Converting to meshes... 
[2018-02-23 19:14:42]	Loading obj at ../data/models/TurretGunsLeft.obj
[2018-02-23 19:14:42]	Converting to meshes... 
[2018-02-23 19:14:42]	Loading obj at ../data/models/TurretGunsRight.obj
[2018-02-23 19:14:42]	Converting to meshes... 
[2018-02-23 19:14:42]	Level loading complete.
[2018-02-23 19:14:42]	Loading obj at ../data/models/ball.obj
[2018-02-23 19:14:43]	Converting to meshes... 
[2018-02-23 19:31:11]	Started game
[2018-02-23 19:31:12]	Loading obj at ../data/models/skybox.obj
[2018-02-23 19:31:13]	Loading level... 
[2018-02-23 19:31:13]	Loading obj at ../data/models/sand1.obj
[2018-02-23 19:31:13]	Converting to meshes... 
[2018-02-23 19:31:13]	Loading obj at ../data/models/sand2.obj
[2018-02-23 19:31:13]	Converting to meshes... 
[2018-02-23 19:31:14]	Loading obj at ../data/models/sand3.obj
[2018-02-23 19:31:14]	Converting to meshes... 
[2018-02-23 19:31:14]	Loading obj at ../data/models/wall.obj
[2018-02-23 19:31:14]	Converting to meshes... 
[2018-02-23 19:31:14]	Loading obj at ../data/models/brickCube.obj
[2018-02-23 19:31:14]	Converting to meshes... 
[2018-02-23 19:31:14]	Loading obj at ../data/models/miningTower.obj
[2018-02-23 19:31:14]	Converting to meshes... 
[2018-02-23 19:31:14]	Loading obj at ../data/models/photonTower.obj
[2018-02-23 19:31:14]	Converting to meshes... 
[2018-02-23 19:31:14]	Loading obj at ../data/models/TurretBase.obj
[2018-02-23 19:31:14]	Converting to meshes... 
[2018-02-23 19:31:14]	Loading obj at ../data/models/TurretTop.obj
[2018-02-23 19:31:14]	Converting to meshes... 
[2018-02-23 19:31:14]	Loading obj at ../data/models/TurretGunsLeft.obj
[2018-02-23 19:31:14]	Converting to meshes... 
[2018-02-23 19:31:14]	Loading obj at ../data/models/TurretGunsRight.obj
[2018-02-23 19:31:14]	Converting to meshes... 
[2018-02-23 19:31:14]	Level loading complete.
[2018-02-23 19:31:14]	Loading obj at ../data/models/ball.obj
[2018-02-23 19:31:14]	Converting to meshes... 
[2018-02-23 19:35:37]	Started game
[2018-02-23 19:35:38]	Loading obj at ../data/models/skybox.obj
[2018-02-23 19:35:39]	Loading level... 
[2018-02-23 19:35:39]	Loading obj at ../data/models/sand1.obj
[2018-02-23 19:35:39]	Converting to meshes... 
[2018-02-23 19:35:39]	Loading obj at ../data/models/sand2.obj
[2018-02-23 19:35:39]	Converting to meshes... 
[2018-02-23 19:35:39]	Loading obj at ../data/models/sand3.obj
[2018-02-23 19:35:39]	Converting to meshes... 
[2018-02-23 19:35:39]	Loading obj at ../data/models/wall.obj
[2018-02-23 19:35:39]	Converting to meshes... 
[2018-02-23 19:35:39]	Loading obj at ../data/models/brickCube.obj
[2018-02-23 19:35:40]	Converting to meshes... 
[2018-02-23 19:35:40]	Loading obj at ../data/models/miningTower.obj
[2018-02-23 19:35:40]	Converting to meshes... 
[2018-02-23 19:35:40]	Loading obj at ../data/models/photonTower.obj
[2018-02-23 19:35:40]	Converting to meshes... 
[2018-02-23 19:35:40]	Loading obj at ../data/models/TurretBase.obj
[2018-02-23 19:35:40]	Converting to meshes... 
[2018-02-23 19:35:40]	Loading obj at ../data/models/TurretTop.obj
[2018-02-23 19:35:40]	Converting to meshes... 
[2018-02-23 19:35:40]	Loading obj at ../data/models/TurretGunsLeft.obj
[2018-02-23 19:35:40]	Converting to meshes... 
[2018-02-23 19:35:40]	Loading obj at ../data/models/TurretGunsRight.obj
[2018-02-23 19:35:40]	Converting to meshes... 
[2018-02-23 19:35:40]	Level loading complete.
[2018-02-23 19:35:40]	Loading obj at ../data/models/ball.obj
[2018-02-23 19:35:40]	Converting to meshes... 
[2018-02-23 19:47:35]	Started game
[2018-02-23 19:47:35]	Loading obj at ../data/models/skybox.obj
[2018-02-23 19:47:37]	Loading level... 
[2018-02-23 19:47:37]	Loading obj at ../data/models/sand1.obj
[2018-02-23 19:47:37]	Converting to meshes... 
[2018-02-23 19:47:37]	Loading obj at ../data/models/sand2.obj
[2018-02-23 19:47:37]	Converting to meshes... 
[2018-02-23 19:47:37]	Loading obj at ../data/models/sand3.obj
[2018-02-23 19:47:37]	Converting to meshes... 
[2018-02-23 19:47:37]	Loading obj at ../data/models/wall.obj
[2018-02-23 19:47:37]	Converting to meshes... 
[2018-02-23 19:47:37]	Loading obj at ../data/models/brickCube.obj
[2018-02-23 19:47:37]	Converting to meshes... 
[2018-02-23 19:47:37]	Loading obj at ../data/models/miningTower.obj
[2018-02-23 19:47:37]	Converting to meshes... 
[2018-02-23 19:47:37]	Loading obj at ../data/models/photonTower.obj
[2018-02-23 19:47:37]	Converting to meshes... 
[2018-02-23 19:47:37]	Loading obj at ../data/models/TurretBase.obj
[2018-02-23 19:47:37]	Converting to meshes... 
[2018-02-23 19:47:37]	Loading obj at ../data/models/TurretTop.obj
[2018-02-23 19:47:37]	Converting to meshes... 
[2018-02-23 19:47:37]	Loading obj at ../data/models/TurretGunsLeft.obj
[2018-02-23 19:47:37]	Converting to meshes... 
[2018-02-23 19:47:37]	Loading obj at ../data/models/TurretGunsRight.obj
[2018-02-23 19:47:37]	Converting to meshes... 
[2018-02-23 19:47:37]	Level loading complete.
[2018-02-23 19:47:37]	Loading obj at ../data/models/ball.obj
[2018-02-23 19:47:38]	Converting to meshes... 
[2018-02-23 19:51:11]	Started game
[2018-02-23 19:51:12]	Loading obj at ../data/models/skybox.obj
[2018-02-23 19:51:13]	Loading level... 
[2018-02-23 19:51:13]	Loading obj at ../data/models/sand1.obj
[2018-02-23 19:51:13]	Converting to meshes... 
[2018-02-23 19:51:13]	Loading obj at ../data/models/sand2.obj
[2018-02-23 19:51:13]	Converting to meshes... 
[2018-02-23 19:51:13]	Loading obj at ../data/models/sand3.obj
[2018-02-23 19:51:13]	Converting to meshes... 
[2018-02-23 19:51:13]	Loading obj at ../data/models/wall.obj
[2018-02-23 19:51:13]	Converting to meshes... 
[2018-02-23 19:51:13]	Loading obj at ../data/models/brickCube.obj
[2018-02-23 19:51:13]	Converting to meshes... 
[2018-02-23 19:51:13]	Loading obj at ../data/models/miningTower.obj
[2018-02-23 19:51:13]	Converting to meshes... 
[2018-02-23 19:51:13]	Loading obj at ../data/models/photonTower.obj
[2018-02-23 19:51:13]	Converting to meshes... 
[2018-02-23 19:51:14]	Loading obj at ../data/models/TurretBase.obj
[2018-02-23 19:51:14]	Converting to meshes... 
[2018-02-23 19:51:14]	Loading obj at ../data/models/TurretTop.obj
[2018-02-23 19:51:14]	Converting to meshes... 
[2018-02-23 19:51:14]	Loading obj at ../data/models/TurretGunsLeft.obj
[2018-02-23 19:51:14]	Converting to meshes... 
[2018-02-23 19:51:14]	Loading obj at ../data/models/TurretGunsRight.obj
[2018-02-23 19:51:14]	Converting to meshes... 
[2018-02-23 19:51:14]	Level loading complete.
[2018-02-23 19:51:14]	Loading obj at ../data/models/ball.obj
[2018-02-23 19:51:14]	Converting to meshes... 
[2018-02-23 20:31:22]	Started game
[2018-02-23 20:31:22]	Loading obj at ../data/models/skybox.obj
[2018-02-23 20:31:23]	Loading level... 
[2018-02-23 20:31:23]	Loading obj at ../data/models/sand1.obj
[2018-02-23 20:31:23]	Converting to meshes... 
[2018-02-23 20:31:23]	Loading obj at ../data/models/sand2.obj
[2018-02-23 20:31:23]	Converting to meshes... 
[2018-02-23 20:31:23]	Loading obj at ../data/models/sand3.obj
[2018-02-23 20:31:23]	Converting to meshes... 
[2018-02-23 20:31:23]	Loading obj at ../data/models/wall.obj
[2018-02-23 20:31:23]	Converting to meshes... 
[2018-02-23 20:31:23]	Loading obj at ../data/models/brickCube.obj
[2018-02-23 20:31:23]	Converting to meshes... 
[2018-02-23 20:31:23]	Loading obj at ../data/models/miningTower.obj
[2018-02-23 20:31:23]	Converting to meshes... 
[2018-02-23 20:31:23]	Loading obj at ../data/models/photonTower.obj
[2018-02-23 20:31:23]	Converting to meshes... 
[2018-02-23 20:31:23]	Loading obj at ../data/models/TurretBase.obj
[2018-02-23 20:31:23]	Converting to meshes... 
[2018-02-23 20:31:23]	Loading obj at ../data/models/TurretTop.obj
[2018-02-23 20:31:23]	Converting to meshes... 
[2018-02-23 20:31:24]	Loading obj at ../data/models/TurretGunsLeft.obj
[2018-02-23 20:31:24]	Converting to meshes... 
[2018-02-23 20:31:24]	Loading obj at ../data/models/TurretGunsRight.obj
[2018-02-23 20:31:24]	Converting to meshes... 
[2018-02-23 20:31:24]	Level loading complete.
[2018-02-23 20:31:24]	Loading obj at ../data/models/ball.obj
[2018-02-23 20:31:24]	Converting to meshes... 
[2018-02-23 20:46:32]	Started game
[2018-02-23 20:46:32]	Loading obj at ../data/models/skybox.obj
[2018-02-23 20:46:33]	Loading level... 
[2018-02-23 20:46:33]	Loading obj at ../data/models/sand1.obj
[2018-02-23 20:46:33]	Converting to meshes... 
[2018-02-23 20:46:33]	Loading obj at ../data/models/sand2.obj
[2018-02-23 20:46:33]	Converting to meshes... 
[2018-02-23 20:46:33]	Loading obj at ../data/models/sand3.obj
[2018-02-23 20:46:33]	Converting to meshes... 
[2018-02-23 20:46:33]	Loading obj at ../data/models/wall.obj
[2018-02-23 20:46:33]	Converting to meshes... 
[2018-02-23 20:46:33]	Loading obj at ../data/models/brickCube.obj
[2018-02-23 20:46:33]	Converting to meshes... 
[2018-02-23 20:46:33]	Loading obj at ../data/models/miningTower.obj
[2018-02-23 20:46:33]	Converting to meshes... 
[2018-02-23 20:46:33]	Loading obj at ../data/models/photonTower.obj
[2018-02-23 20:46:34]	Converting to meshes... 
[2018-02-23 20:46:34]	Loading obj at ../data/models/TurretBase.obj
[2018-02-23 20:46:34]	Converting to meshes... 
[2018-02-23 20:46:34]	Loading obj at ../data/models/TurretTop.obj
[2018-02-23 20:46:34]	Converting to meshes... 
[2018-02-23 20:46:34]	Loading obj at ../data/models/TurretGunsLeft.obj
[2018-02-23 20:46:34]	Converting to meshes... 
[2018-02-23 20:46:34]	Loading obj at ../data/models/TurretGunsRight.obj
[2018-02-23 20:46:34]	Converting to meshes... 
[2018-02-23 20:46:34]	Level loading complete.
[2018-02-23 20:46:34]	Loading obj at ../data/models/ball.obj
[2018-02-23 20:46:34]	Converting to meshes... 
[2018-02-23 20:47:39]	Started game
[2018-02-23 20:47:39]	Loading obj at ../data/models/skybox.obj
[2018-02-23 20:47:40]	Loading level... 
[2018-02-23 20:47:40]	Loading obj at ../data/models/sand1.obj
[2018-02-23 20:47:40]	Converting to meshes... 
[2018-02-23 20:47:40]	Loading obj at ../data/models/sand2.obj
[2018-02-23 20:47:40]	Converting to meshes... 
[2018-02-23 20:47:40]	Loading obj at ../data/models/sand3.obj
[2018-02-23 20:47:40]	Converting to meshes... 
[2018-02-23 20:47:40]	Loading obj at ../data/models/wall.obj
[2018-02-23 20:47:40]	Converting to meshes... 
[2018-02-23 20:47:40]	Loading obj at ../data/models/brickCube.obj
[2018-02-23 20:47:40]	Converting to meshes... 
[2018-02-23 20:47:40]	Loading obj at ../data/models/miningTower.obj
[2018-02-23 20:47:40]	Converting to meshes... 
[2018-02-23 20:47:40]	Loading obj at ../data/models/photonTower.obj
[2018-02-23 20:47:40]	Converting to meshes... 
[2018-02-23 20:47:40]	Loading obj at ../data/models/TurretBase.obj
[2018-02-23 20:47:40]	Converting to meshes... 
[2018-02-23 20:47:40]	Loading obj at ../data/models/TurretTop.obj
[2018-02-23 20:47:40]	Converting to meshes... 
[2018-02-23 20:47:40]	Loading obj at ../data/models/TurretGunsLeft.obj
[2018-02-23 20:47:40]	Converting to meshes... 
[2018-02-23 20:47:40]	Loading obj at ../data/models/TurretGunsRight.obj
[2018-02-23 20:47:40]	Converting to meshes... 
[2018-02-23 20:47:40]	Level loading complete.
[2018-02-23 20:47:40]	Loading obj at ../data/models/ball.obj
[2018-02-23 20:47:40]	Converting to meshes... 
[2018-02-23 20:48:16]	Started game
[2018-02-23 20:48:16]	Loading obj at ../data/models/skybox.obj
[2018-02-23 20:48:17]	Loading level... 
[2018-02-23 20:48:17]	Loading obj at ../data/models/sand1.obj
[2018-02-23 20:48:17]	Converting to meshes... 
[2018-02-23 20:48:17]	Loading obj at ../data/models/sand2.obj
[2018-02-23 20:48:17]	Converting to meshes... 
[2018-02-23 20:48:17]	Loading obj at ../data/models/sand3.obj
[2018-02-23 20:48:17]	Converting to meshes... 
[2018-02-23 20:48:17]	Loading obj at ../data/models/wall.obj
[2018-02-23 20:48:17]	Converting to meshes... 
[2018-02-23 20:48:17]	Loading obj at ../data/models/brickCube.obj
[2018-02-23 20:48:17]	Converting to meshes... 
[2018-02-23 20:48:17]	Loading obj at ../data/models/miningTower.obj
[2018-02-23 20:48:17]	Converting to meshes... 
[2018-02-23 20:48:17]	Loading obj at ../data/models/photonTower.obj
[2018-02-23 20:48:18]	Converting to meshes... 
[2018-02-23 20:48:18]	Loading obj at ../data/models/TurretBase.obj
[2018-02-23 20:48:18]	Converting to meshes... 
[2018-02-23 20:48:18]	Loading obj at ../data/models/TurretTop.obj
[2018-02-23 20:48:18]	Converting to meshes... 
[2018-02-23 20:48:18]	Loading obj at ../data/models/TurretGunsLeft.obj
[2018-02-23 20:48:18]	Converting to meshes... 
[2018-02-23 20:48:18]	Loading obj at ../data/models/TurretGunsRight.obj
[2018-02-23 20:48:18]	Converting to meshes... 
[2018-02-23 20:48:18]	Level loading complete.
[2018-02-23 20:48:18]	Loading obj at ../data/models/ball.obj
[2018-02-23 20:48:18]	Converting to meshes... 
[2018-02-23 20:48:40]	Started game
[2018-02-23 20:48:41]	Loading obj at ../data/models/skybox.obj
[2018-02-23 20:48:42]	Loading level... 
[2018-02-23 20:48:42]	Loading obj at ../data/models/sand1.obj
[2018-02-23 20:48:42]	Converting to meshes... 
[2018-02-23 20:48:42]	Loading obj at ../data/models/sand2.obj
[2018-02-23 20:48:42]	Converting to meshes... 
[2018-02-23 20:48:42]	Loading obj at ../data/models/sand3.obj
[2018-02-23 20:48:42]	Converting to meshes... 
[2018-02-23 20:48:42]	Loading obj at ../data/models/wall.obj
[2018-02-23 20:48:42]	Converting to meshes... 
[2018-02-23 20:48:42]	Loading obj at ../data/models/brickCube.obj
[2018-02-23 20:48:42]	Converting to meshes... 
[2018-02-23 20:48:42]	Loading obj at ../data/models/miningTower.obj
[2018-02-23 20:48:42]	Converting to meshes... 
[2018-02-23 20:48:42]	Loading obj at ../data/models/photonTower.obj
[2018-02-23 20:48:42]	Converting to meshes... 
[2018-02-23 20:48:42]	Loading obj at ../data/models/TurretBase.obj
[2018-02-23 20:48:42]	Converting to meshes... 
[2018-02-23 20:48:42]	Loading obj at ../data/models/TurretTop.obj
[2018-02-23 20:48:42]	Converting to meshes... 
[2018-02-23 20:48:42]	Loading obj at ../data/models/TurretGunsLeft.obj
[2018-02-23 20:48:42]	Converting to meshes... 
[2018-02-23 20:48:42]	Loading obj at ../data/models/TurretGunsRight.obj
[2018-02-23 20:48:42]	Converting to meshes... 
[2018-02-23 20:48:42]	Level loading complete.
[2018-02-23 20:48:42]	Loading obj at ../data/models/ball.obj
[2018-02-23 20:48:42]	Converting to meshes... 
[2018-02-23 20:49:05]	Started game
[2018-02-23 20:49:06]	Loading obj at ../data/models/skybox.obj
[2018-02-23 20:49:06]	Loading level... 
[2018-02-23 20:49:06]	Loading obj at ../data/models/sand1.obj
[2018-02-23 20:49:06]	Converting to meshes... 
[2018-02-23 20:49:06]	Loading obj at ../data/models/sand2.obj
[2018-02-23 20:49:06]	Converting to meshes... 
[2018-02-23 20:49:06]	Loading obj at ../data/models/sand3.obj
[2018-02-23 20:49:06]	Converting to meshes... 
[2018-02-23 20:49:06]	Loading obj at ../data/models/wall.obj
[2018-02-23 20:49:07]	Converting to meshes... 
[2018-02-23 20:49:07]	Loading obj at ../data/models/brickCube.obj
[2018-02-23 20:49:07]	Converting to meshes... 
[2018-02-23 20:49:07]	Loading obj at ../data/models/miningTower.obj
[2018-02-23 20:49:07]	Converting to meshes... 
[2018-02-23 20:49:07]	Loading obj at ../data/models/photonTower.obj
[2018-02-23 20:49:07]	Converting to meshes... 
[2018-02-23 20:49:07]	Loading obj at ../data/models/TurretBase.obj
[2018-02-23 20:49:07]	Converting to meshes... 
[2018-02-23 20:49:07]	Loading obj at ../data/models/TurretTop.obj
[2018-02-23 20:49:07]	Converting to meshes... 
[2018-02-23 20:49:07]	Loading obj at ../data/models/TurretGunsLeft.obj
[2018-02-23 20:49:07]	Converting to meshes... 
[2018-02-23 20:49:07]	Loading obj at ../data/models/TurretGunsRight.obj
[2018-02-23 20:49:07]	Converting to meshes... 
[2018-02-23 20:49:07]	Level loading complete.
[2018-02-23 20:49:07]	Loading obj at ../data/models/ball.obj
[2018-02-23 20:49:07]	Converting to meshes... 
[2018-02-23 20:49:24]	Started game
[2018-02-23 20:49:25]	Loading obj at ../data/models/skybox.obj
[2018-02-23 20:49:26]	Loading level... 
[2018-02-23 20:49:26]	Loading obj at ../data/models/sand1.obj
[2018-02-23 20:49:26]	Converting to meshes... 
[2018-02-23 20:49:26]	Loading obj at ../data/models/sand2.obj
[2018-02-23 20:49:26]	Converting to meshes... 
[2018-02-23 20:49:26]	Loading obj at ../data/models/sand3.obj
[2018-02-23 20:49:26]	Converting to meshes... 
[2018-02-23 20:49:26]	Loading obj at ../data/models/wall.obj
[2018-02-23 20:49:26]	Converting to meshes... 
[2018-02-23 20:49:26]	Loading obj at ../data/models/brickCube.obj
[2018-02-23 20:49:26]	Converting to meshes... 
[2018-02-23 20:49:26]	Loading obj at ../data/models/miningTower.obj
[2018-02-23 20:49:26]	Converting to meshes... 
[2018-02-23 20:49:26]	Loading obj at ../data/models/photonTower.obj
[2018-02-23 20:49:26]	Converting to meshes... 
[2018-02-23 20:49:26]	Loading obj at ../data/models/TurretBase.obj
[2018-02-23 20:49:26]	Converting to meshes... 
[2018-02-23 20:49:26]	Loading obj at ../data/models/TurretTop.obj
[2018-02-23 20:49:26]	Converting to meshes... 
[2018-02-23 20:49:26]	Loading obj at ../data/models/TurretGunsLeft.obj
[2018-02-23 20:49:26]	Converting to meshes... 
[2018-02-23 20:49:26]	Loading obj at ../data/models/TurretGunsRight.obj
[2018-02-23 20:49:26]	Converting to meshes... 
[2018-02-23 20:49:26]	Level loading complete.
[2018-02-23 20:49:26]	Loading obj at ../data/models/ball.obj
[2018-02-23 20:49:26]	Converting to meshes... 
[2018-02-23 20:50:14]	Started game
[2018-02-23 20:50:14]	Loading obj at ../data/models/skybox.obj
[2018-02-23 20:50:15]	Loading level... 
[2018-02-23 20:50:15]	Loading obj at ../data/models/sand1.obj
[2018-02-23 20:50:15]	Converting to meshes... 
[2018-02-23 20:50:15]	Loading obj at ../data/models/sand2.obj
[2018-02-23 20:50:15]	Converting to meshes... 
[2018-02-23 20:50:15]	Loading obj at ../data/models/sand3.obj
[2018-02-23 20:50:15]	Converting to meshes... 
[2018-02-23 20:50:15]	Loading obj at ../data/models/wall.obj
[2018-02-23 20:50:15]	Converting to meshes... 
[2018-02-23 20:50:15]	Loading obj at ../data/models/brickCube.obj
[2018-02-23 20:50:15]	Converting to meshes... 
[2018-02-23 20:50:15]	Loading obj at ../data/models/miningTower.obj
[2018-02-23 20:50:15]	Converting to meshes... 
[2018-02-23 20:50:15]	Loading obj at ../data/models/photonTower.obj
[2018-02-23 20:50:15]	Converting to meshes... 
[2018-02-23 20:50:15]	Loading obj at ../data/models/TurretBase.obj
[2018-02-23 20:50:15]	Converting to meshes... 
[2018-02-23 20:50:15]	Loading obj at ../data/models/TurretTop.obj
[2018-02-23 20:50:16]	Converting to meshes... 
[2018-02-23 20:50:16]	Loading obj at ../data/models/TurretGunsLeft.obj
[2018-02-23 20:50:16]	Converting to meshes... 
[2018-02-23 20:50:16]	Loading obj at ../data/models/TurretGunsRight.obj
[2018-02-23 20:50:16]	Converting to meshes... 
[2018-02-23 20:50:16]	Level loading complete.
[2018-02-23 20:50:16]	Loading obj at ../data/models/ball.obj
[2018-02-23 20:50:16]	Converting to meshes... 
[2018-02-23 20:50:37]	Started game
[2018-02-23 20:50:37]	Loading obj at ../data/models/skybox.obj
[2018-02-23 20:50:38]	Loading level... 
[2018-02-23 20:50:38]	Loading obj at ../data/models/sand1.obj
[2018-02-23 20:50:38]	Converting to meshes... 
[2018-02-23 20:50:38]	Loading obj at ../data/models/sand2.obj
[2018-02-23 20:50:38]	Converting to meshes... 
[2018-02-23 20:50:38]	Loading obj at ../data/models/sand3.obj
[2018-02-23 20:50:38]	Converting to meshes... 
[2018-02-23 20:50:38]	Loading obj at ../data/models/wall.obj
[2018-02-23 20:50:38]	Converting to meshes... 
[2018-02-23 20:50:38]	Loading obj at ../data/models/brickCube.obj
[2018-02-23 20:50:38]	Converting to meshes... 
[2018-02-23 20:50:38]	Loading obj at ../data/models/miningTower.obj
[2018-02-23 20:50:38]	Converting to meshes... 
[2018-02-23 20:50:38]	Loading obj at ../data/models/photonTower.obj
[2018-02-23 20:50:38]	Converting to meshes... 
[2018-02-23 20:50:38]	Loading obj at ../data/models/TurretBase.obj
[2018-02-23 20:50:38]	Converting to meshes... 
[2018-02-23 20:50:38]	Loading obj at ../data/models/TurretTop.obj
[2018-02-23 20:50:38]	Converting to meshes... 
[2018-02-23 20:50:38]	Loading obj at ../data/models/TurretGunsLeft.obj
[2018-02-23 20:50:38]	Converting to meshes... 
[2018-02-23 20:50:38]	Loading obj at ../data/models/TurretGunsRight.obj
[2018-02-23 20:50:38]	Converting to meshes... 
[2018-02-23 20:50:38]	Level loading complete.
[2018-02-23 20:50:38]	Loading obj at ../data/models/ball.obj
[2018-02-23 20:50:38]	Converting to meshes... 
[2018-02-23 20:51:04]	Started game
[2018-02-23 20:51:05]	Loading obj at ../data/models/skybox.obj
[2018-02-23 20:51:06]	Loading level... 
[2018-02-23 20:51:06]	Loading obj at ../data/models/sand1.obj
[2018-02-23 20:51:06]	Converting to meshes... 
[2018-02-23 20:51:06]	Loading obj at ../data/models/sand2.obj
[2018-02-23 20:51:06]	Converting to meshes... 
[2018-02-23 20:51:06]	Loading obj at ../data/models/sand3.obj
[2018-02-23 20:51:06]	Converting to meshes... 
[2018-02-23 20:51:06]	Loading obj at ../data/models/wall.obj
[2018-02-23 20:51:06]	Converting to meshes... 
[2018-02-23 20:51:06]	Loading obj at ../data/models/brickCube.obj
[2018-02-23 20:51:06]	Converting to meshes... 
[2018-02-23 20:51:06]	Loading obj at ../data/models/miningTower.obj
[2018-02-23 20:51:06]	Converting to meshes... 
[2018-02-23 20:51:06]	Loading obj at ../data/models/photonTower.obj
[2018-02-23 20:51:06]	Converting to meshes... 
[2018-02-23 20:51:06]	Loading obj at ../data/models/TurretBase.obj
[2018-02-23 20:51:06]	Converting to meshes... 
[2018-02-23 20:51:06]	Loading obj at ../data/models/TurretTop.obj
[2018-02-23 20:51:06]	Converting to meshes... 
[2018-02-23 20:51:06]	Loading obj at ../data/models/TurretGunsLeft.obj
[2018-02-23 20:51:06]	Converting to meshes... 
[2018-02-23 20:51:06]	Loading obj at ../data/models/TurretGunsRight.obj
[2018-02-23 20:51:06]	Converting to meshes... 
[2018-02-23 20:51:06]	Level loading complete.
[2018-02-23 20:51:06]	Loading obj at ../data/models/ball.obj
[2018-02-23 20:51:06]	Converting to meshes... 
[2018-02-23 20:51:25]	Started game
[2018-02-23 20:51:25]	Loading obj at ../data/models/skybox.obj
[2018-02-23 20:51:26]	Loading level... 
[2018-02-23 20:51:26]	Loading obj at ../data/models/sand1.obj
[2018-02-23 20:51:26]	Converting to meshes... 
[2018-02-23 20:51:26]	Loading obj at ../data/models/sand2.obj
[2018-02-23 20:51:26]	Converting to meshes... 
[2018-02-23 20:51:26]	Loading obj at ../data/models/sand3.obj
[2018-02-23 20:51:26]	Converting to meshes... 
[2018-02-23 20:51:26]	Loading obj at ../data/models/wall.obj
[2018-02-23 20:51:26]	Converting to meshes... 
[2018-02-23 20:51:26]	Loading obj at ../data/models/brickCube.obj
[2018-02-23 20:51:26]	Converting to meshes... 
[2018-02-23 20:51:26]	Loading obj at ../data/models/miningTower.obj
[2018-02-23 20:51:26]	Converting to meshes... 
[2018-02-23 20:51:26]	Loading obj at ../data/models/photonTower.obj
[2018-02-23 20:51:26]	Converting to meshes... 
[2018-02-23 20:51:26]	Loading obj at ../data/models/TurretBase.obj
[2018-02-23 20:51:26]	Converting to meshes... 
[2018-02-23 20:51:26]	Loading obj at ../data/models/TurretTop.obj
[2018-02-23 20:51:26]	Converting to meshes... 
[2018-02-23 20:51:26]	Loading obj at ../data/models/TurretGunsLeft.obj
[2018-02-23 20:51:26]	Converting to meshes... 
[2018-02-23 20:51:26]	Loading obj at ../data/models/TurretGunsRight.obj
[2018-02-23 20:51:26]	Converting to meshes... 
[2018-02-23 20:51:26]	Level loading complete.
[2018-02-23 20:51:26]	Loading obj at ../data/models/ball.obj
[2018-02-23 20:51:26]	Converting to meshes... 
[2018-02-23 20:51:41]	Started game
[2018-02-23 20:51:41]	Loading obj at ../data/models/skybox.obj
[2018-02-23 20:51:42]	Loading level... 
[2018-02-23 20:51:42]	Loading obj at ../data/models/sand1.obj
[2018-02-23 20:51:42]	Converting to meshes... 
[2018-02-23 20:51:42]	Loading obj at ../data/models/sand2.obj
[2018-02-23 20:51:42]	Converting to meshes... 
[2018-02-23 20:51:42]	Loading obj at ../data/models/sand3.obj
[2018-02-23 20:51:42]	Converting to meshes... 
[2018-02-23 20:51:42]	Loading obj at ../data/models/wall.obj
[2018-02-23 20:51:42]	Converting to meshes... 
[2018-02-23 20:51:42]	Loading obj at ../data/models/brickCube.obj
[2018-02-23 20:51:42]	Converting to meshes... 
[2018-02-23 20:51:42]	Loading obj at ../data/models/miningTower.obj
[2018-02-23 20:51:42]	Converting to meshes... 
[2018-02-23 20:51:42]	Loading obj at ../data/models/photonTower.obj
[2018-02-23 20:51:42]	Converting to meshes... 
[2018-02-23 20:51:42]	Loading obj at ../data/models/TurretBase.obj
[2018-02-23 20:51:42]	Converting to meshes... 
[2018-02-23 20:51:42]	Loading obj at ../data/models/TurretTop.obj
[2018-02-23 20:51:42]	Converting to meshes... 
[2018-02-23 20:51:42]	Loading obj at ../data/models/TurretGunsLeft.obj
[2018-02-23 20:51:42]	Converting to meshes... 
[2018-02-23 20:51:42]	Loading obj at ../data/models/TurretGunsRight.obj
[2018-02-23 20:51:42]	Converting to meshes... 
[2018-02-23 20:51:42]	Level loading complete.
[2018-02-23 20:51:42]	Loading obj at ../data/models/ball.obj
[2018-02-23 20:51:43]	Converting to meshes... 
[2018-02-23 20:52:01]	Started game
[2018-02-23 20:52:01]	Loading obj at ../data/models/skybox.obj
[2018-02-23 20:52:02]	Loading level... 
[2018-02-23 20:52:02]	Loading obj at ../data/models/sand1.obj
[2018-02-23 20:52:02]	Converting to meshes... 
[2018-02-23 20:52:02]	Loading obj at ../data/models/sand2.obj
[2018-02-23 20:52:02]	Converting to meshes... 
[2018-02-23 20:52:02]	Loading obj at ../data/models/sand3.obj
[2018-02-23 20:52:02]	Converting to meshes... 
[2018-02-23 20:52:02]	Loading obj at ../data/models/wall.obj
[2018-02-23 20:52:02]	Converting to meshes... 
[2018-02-23 20:52:02]	Loading obj at ../data/models/brickCube.obj
[2018-02-23 20:52:03]	Converting to meshes... 
[2018-02-23 20:52:03]	Loading obj at ../data/models/miningTower.obj
[2018-02-23 20:52:03]	Converting to meshes... 
[2018-02-23 20:52:03]	Loading obj at ../data/models/photonTower.obj
[2018-02-23 20:52:03]	Converting to meshes... 
[2018-02-23 20:52:03]	Loading obj at ../data/models/TurretBase.obj
[2018-02-23 20:52:03]	Converting to meshes... 
[2018-02-23 20:52:03]	Loading obj at ../data/models/TurretTop.obj
[2018-02-23 20:52:03]	Converting to meshes... 
[2018-02-23 20:52:03]	Loading obj at ../data/models/TurretGunsLeft.obj
[2018-02-23 20:52:03]	Converting to meshes... 
[2018-02-23 20:52:03]	Loading obj at ../data/models/TurretGunsRight.obj
[2018-02-23 20:52:03]	Converting to meshes... 
[2018-02-23 20:52:03]	Level loading complete.
[2018-02-23 20:52:03]	Loading obj at ../data/models/ball.obj
[2018-02-23 20:52:03]	Converting to meshes... 
[2018-02-23 20:52:24]	Started game
[2018-02-23 20:52:25]	Loading obj at ../data/models/skybox.obj
[2018-02-23 20:52:26]	Loading level... 
[2018-02-23 20:52:26]	Loading obj at ../data/models/sand1.obj
[2018-02-23 20:52:26]	Converting to meshes... 
[2018-02-23 20:52:26]	Loading obj at ../data/models/sand2.obj
[2018-02-23 20:52:26]	Converting to meshes... 
[2018-02-23 20:52:26]	Loading obj at ../data/models/sand3.obj
[2018-02-23 20:52:26]	Converting to meshes... 
[2018-02-23 20:52:26]	Loading obj at ../data/models/wall.obj
[2018-02-23 20:52:26]	Converting to meshes... 
[2018-02-23 20:52:26]	Loading obj at ../data/models/brickCube.obj
[2018-02-23 20:52:26]	Converting to meshes... 
[2018-02-23 20:52:26]	Loading obj at ../data/models/miningTower.obj
[2018-02-23 20:52:26]	Converting to meshes... 
[2018-02-23 20:52:26]	Loading obj at ../data/models/photonTower.obj
[2018-02-23 20:52:26]	Converting to meshes... 
[2018-02-23 20:52:26]	Loading obj at ../data/models/TurretBase.obj
[2018-02-23 20:52:26]	Converting to meshes... 
[2018-02-23 20:52:26]	Loading obj at ../data/models/TurretTop.obj
[2018-02-23 20:52:26]	Converting to meshes... 
[2018-02-23 20:52:26]	Loading obj at ../data/models/TurretGunsLeft.obj
[2018-02-23 20:52:26]	Converting to meshes... 
[2018-02-23 20:52:26]	Loading obj at ../data/models/TurretGunsRight.obj
[2018-02-23 20:52:26]	Converting to meshes... 
[2018-02-23 20:52:26]	Level loading complete.
[2018-02-23 20:52:26]	Loading obj at ../data/models/ball.obj
[2018-02-23 20:52:26]	Converting to meshes... 
[2018-02-23 20:53:22]	Started game
[2018-02-23 20:53:23]	Loading obj at ../data/models/skybox.obj
[2018-02-23 20:53:24]	Loading level... 
[2018-02-23 20:53:24]	Loading obj at ../data/models/sand1.obj
[2018-02-23 20:53:24]	Converting to meshes... 
[2018-02-23 20:53:24]	Loading obj at ../data/models/sand2.obj
[2018-02-23 20:53:24]	Converting to meshes... 
[2018-02-23 20:53:24]	Loading obj at ../data/models/sand3.obj
[2018-02-23 20:53:24]	Converting to meshes... 
[2018-02-23 20:53:24]	Loading obj at ../data/models/wall.obj
[2018-02-23 20:53:24]	Converting to meshes... 
[2018-02-23 20:53:24]	Loading obj at ../data/models/brickCube.obj
[2018-02-23 20:53:24]	Converting to meshes... 
[2018-02-23 20:53:24]	Loading obj at ../data/models/miningTower.obj
[2018-02-23 20:53:24]	Converting to meshes... 
[2018-02-23 20:53:24]	Loading obj at ../data/models/photonTower.obj
[2018-02-23 20:53:24]	Converting to meshes... 
[2018-02-23 20:53:24]	Loading obj at ../data/models/TurretBase.obj
[2018-02-23 20:53:24]	Converting to meshes... 
[2018-02-23 20:53:24]	Loading obj at ../data/models/TurretTop.obj
[2018-02-23 20:53:24]	Converting to meshes... 
[2018-02-23 20:53:24]	Loading obj at ../data/models/TurretGunsLeft.obj
[2018-02-23 20:53:24]	Converting to meshes... 
[2018-02-23 20:53:24]	Loading obj at ../data/models/TurretGunsRight.obj
[2018-02-23 20:53:24]	Converting to meshes... 
[2018-02-23 20:53:24]	Level loading complete.
[2018-02-23 20:53:24]	Loading obj at ../data/models/ball.obj
[2018-02-23 20:53:24]	Converting to meshes... 
[2018-02-23 20:59:55]	Started game
[2018-02-23 20:59:56]	Loading obj at ../data/models/skybox.obj
[2018-02-23 20:59:57]	Loading level... 
[2018-02-23 20:59:57]	Loading obj at ../data/models/sand1.obj
[2018-02-23 20:59:57]	Converting to meshes... 
[2018-02-23 20:59:57]	Loading obj at ../data/models/sand2.obj
[2018-02-23 20:59:57]	Converting to meshes... 
[2018-02-23 20:59:57]	Loading obj at ../data/models/sand3.obj
[2018-02-23 20:59:57]	Converting to meshes... 
[2018-02-23 20:59:57]	Loading obj at ../data/models/wall.obj
[2018-02-23 20:59:57]	Converting to meshes... 
[2018-02-23 20:59:57]	Loading obj at ../data/models/brickCube.obj
[2018-02-23 20:59:57]	Converting to meshes... 
[2018-02-23 20:59:57]	Loading obj at ../data/models/miningTower.obj
[2018-02-23 20:59:57]	Converting to meshes... 
[2018-02-23 20:59:57]	Loading obj at ../data/models/photonTower.obj
[2018-02-23 20:59:57]	Converting to meshes... 
[2018-02-23 20:59:57]	Loading obj at ../data/models/TurretBase.obj
[2018-02-23 20:59:57]	Converting to meshes... 
[2018-02-23 20:59:57]	Loading obj at ../data/models/TurretTop.obj
[2018-02-23 20:59:57]	Converting to meshes... 
[2018-02-23 20:59:57]	Loading obj at ../data/models/TurretGunsLeft.obj
[2018-02-23 20:59:57]	Converting to meshes... 
[2018-02-23 20:59:57]	Loading obj at ../data/models/TurretGunsRight.obj
[2018-02-23 20:59:57]	Converting to meshes... 
[2018-02-23 20:59:57]	Level loading complete.
[2018-02-23 20:59:57]	Loading obj at ../data/models/ball.obj
[2018-02-23 20:59:57]	Converting to meshes... 
[2018-02-23 21:07:46]	Started game
[2018-02-23 21:07:46]	Loading obj at ../data/models/skybox.obj
[2018-02-23 21:07:47]	Loading level... 
[2018-02-23 21:07:47]	Loading obj at ../data/models/sand1.obj
[2018-02-23 21:07:47]	Converting to meshes... 
[2018-02-23 21:07:47]	Loading obj at ../data/models/sand2.obj
[2018-02-23 21:07:47]	Converting to meshes... 
[2018-02-23 21:07:47]	Loading obj at ../data/models/sand3.obj
[2018-02-23 21:07:47]	Converting to meshes... 
[2018-02-23 21:07:47]	Loading obj at ../data/models/wall.obj
[2018-02-23 21:07:47]	Converting to meshes... 
[2018-02-23 21:07:47]	Loading obj at ../data/models/brickCube.obj
[2018-02-23 21:07:47]	Converting to meshes... 
[2018-02-23 21:07:47]	Loading obj at ../data/models/miningTower.obj
[2018-02-23 21:07:48]	Converting to meshes... 
[2018-02-23 21:07:48]	Loading obj at ../data/models/photonTower.obj
[2018-02-23 21:07:48]	Converting to meshes... 
[2018-02-23 21:07:48]	Loading obj at ../data/models/TurretBase.obj
[2018-02-23 21:07:48]	Converting to meshes... 
[2018-02-23 21:07:48]	Loading obj at ../data/models/TurretTop.obj
[2018-02-23 21:07:48]	Converting to meshes... 
[2018-02-23 21:07:48]	Loading obj at ../data/models/TurretGunsLeft.obj
[2018-02-23 21:07:48]	Converting to meshes... 
[2018-02-23 21:07:48]	Loading obj at ../data/models/TurretGunsRight.obj
[2018-02-23 21:07:48]	Converting to meshes... 
[2018-02-23 21:07:48]	Level loading complete.
[2018-02-23 21:07:48]	Loading obj at ../data/models/ball.obj
[2018-02-23 21:07:48]	Converting to meshes... 
[2018-02-23 21:09:41]	Started game
[2018-02-23 21:09:42]	Loading obj at ../data/models/skybox.obj
[2018-02-23 21:09:43]	Loading level... 
[2018-02-23 21:09:43]	Loading obj at ../data/models/sand1.obj
[2018-02-23 21:09:43]	Converting to meshes... 
[2018-02-23 21:09:43]	Loading obj at ../data/models/sand2.obj
[2018-02-23 21:09:43]	Converting to meshes... 
[2018-02-23 21:09:43]	Loading obj at ../data/models/sand3.obj
[2018-02-23 21:09:43]	Converting to meshes... 
[2018-02-23 21:09:43]	Loading obj at ../data/models/wall.obj
[2018-02-23 21:09:43]	Converting to meshes... 
[2018-02-23 21:09:43]	Loading obj at ../data/models/brickCube.obj
[2018-02-23 21:09:43]	Converting to meshes... 
[2018-02-23 21:09:43]	Loading obj at ../data/models/miningTower.obj
[2018-02-23 21:09:43]	Converting to meshes... 
[2018-02-23 21:09:43]	Loading obj at ../data/models/photonTower.obj
[2018-02-23 21:09:43]	Converting to meshes... 
[2018-02-23 21:09:43]	Loading obj at ../data/models/TurretBase.obj
[2018-02-23 21:09:43]	Converting to meshes... 
[2018-02-23 21:09:43]	Loading obj at ../data/models/TurretTop.obj
[2018-02-23 21:09:43]	Converting to meshes... 
[2018-02-23 21:09:43]	Loading obj at ../data/models/TurretGunsLeft.obj
[2018-02-23 21:09:43]	Converting to meshes... 
[2018-02-23 21:09:43]	Loading obj at ../data/models/TurretGunsRight.obj
[2018-02-23 21:09:43]	Converting to meshes... 
[2018-02-23 21:09:43]	Level loading complete.
[2018-02-23 21:09:43]	Loading obj at ../data/models/ball.obj
[2018-02-23 21:09:43]	Converting to meshes... 
[2018-02-23 21:10:09]	Started game
[2018-02-23 21:10:10]	Loading obj at ../data/models/skybox.obj
[2018-02-23 21:10:11]	Loading level... 
[2018-02-23 21:10:11]	Loading obj at ../data/models/sand1.obj
[2018-02-23 21:10:11]	Converting to meshes... 
[2018-02-23 21:10:11]	Loading obj at ../data/models/sand2.obj
[2018-02-23 21:10:11]	Converting to meshes... 
[2018-02-23 21:10:11]	Loading obj at ../data/models/sand3.obj
[2018-02-23 21:10:11]	Converting to meshes... 
[2018-02-23 21:10:11]	Loading obj at ../data/models/wall.obj
[2018-02-23 21:10:11]	Converting to meshes... 
[2018-02-23 21:10:11]	Loading obj at ../data/models/brickCube.obj
[2018-02-23 21:10:11]	Converting to meshes... 
[2018-02-23 21:10:11]	Loading obj at ../data/models/miningTower.obj
[2018-02-23 21:10:11]	Converting to meshes... 
[2018-02-23 21:10:11]	Loading obj at ../data/models/photonTower.obj
[2018-02-23 21:10:11]	Converting to meshes... 
[2018-02-23 21:10:11]	Loading obj at ../data/models/TurretBase.obj
[2018-02-23 21:10:11]	Converting to meshes... 
[2018-02-23 21:10:11]	Loading obj at ../data/models/TurretTop.obj
[2018-02-23 21:10:11]	Converting to meshes... 
[2018-02-23 21:10:11]	Loading obj at ../data/models/TurretGunsLeft.obj
[2018-02-23 21:10:11]	Converting to meshes... 
[2018-02-23 21:10:11]	Loading obj at ../data/models/TurretGunsRight.obj
[2018-02-23 21:10:11]	Converting to meshes... 
[2018-02-23 21:10:11]	Level loading complete.
[2018-02-23 21:10:11]	Loading obj at ../data/models/ball.obj
[2018-02-23 21:10:11]	Converting to meshes... 
[2018-02-24 18:09:01]	Started game
[2018-02-24 18:09:02]	Loading obj at ../data/models/skybox.obj
[2018-02-24 18:09:03]	Loading obj at ../data/models/sand1.obj
[2018-02-24 18:09:03]	Converting to meshes... 
[2018-02-24 18:09:03]	Loading obj at ../data/models/sand2.obj
[2018-02-24 18:09:03]	Converting to meshes... 
[2018-02-24 18:09:03]	Loading obj at ../data/models/sand3.obj
[2018-02-24 18:09:03]	Converting to meshes... 
[2018-02-24 18:09:03]	Loading obj at ../data/models/wall.obj
[2018-02-24 18:09:03]	Converting to meshes... 
[2018-02-24 18:09:03]	Loading obj at ../data/models/brickCube.obj
[2018-02-24 18:09:03]	Converting to meshes... 
[2018-02-24 18:09:03]	Loading obj at ../data/models/miningTower.obj
[2018-02-24 18:09:03]	Converting to meshes... 
[2018-02-24 18:09:03]	Loading obj at ../data/models/photonTower.obj
[2018-02-24 18:09:03]	Converting to meshes... 
[2018-02-24 18:09:03]	Loading obj at ../data/models/TurretBase.obj
[2018-02-24 18:09:03]	Converting to meshes... 
[2018-02-24 18:09:03]	Loading obj at ../data/models/TurretTop.obj
[2018-02-24 18:09:03]	Converting to meshes... 
[2018-02-24 18:09:03]	Loading obj at ../data/models/TurretGunsLeft.obj
[2018-02-24 18:09:03]	Converting to meshes... 
[2018-02-24 18:09:03]	Loading obj at ../data/models/TurretGunsRight.obj
[2018-02-24 18:09:03]	Converting to meshes... 
[2018-02-24 18:52:28]	Started game
[2018-02-24 18:52:28]	Loading obj at ../data/models/skybox.obj
[2018-02-24 18:52:29]	Loading obj at ../data/models/sand1.obj
[2018-02-24 18:52:29]	Converting to meshes... 
[2018-02-24 18:52:29]	Loading obj at ../data/models/sand2.obj
[2018-02-24 18:52:29]	Converting to meshes... 
[2018-02-24 18:52:29]	Loading obj at ../data/models/sand3.obj
[2018-02-24 18:52:29]	Converting to meshes... 
[2018-02-24 18:52:29]	Loading obj at ../data/models/wall.obj
[2018-02-24 18:52:29]	Converting to meshes... 
[2018-02-24 18:52:29]	Loading obj at ../data/models/brickCube.obj
[2018-02-24 18:52:29]	Converting to meshes... 
[2018-02-24 18:52:29]	Loading obj at ../data/models/miningTower.obj
[2018-02-24 18:52:29]	Converting to meshes... 
[2018-02-24 18:52:29]	Loading obj at ../data/models/photonTower.obj
[2018-02-24 18:52:29]	Converting to meshes... 
[2018-02-24 18:52:29]	Loading obj at ../data/models/treeTile1.obj
[2018-02-24 18:52:29]	Converting to meshes... 
[2018-02-24 18:52:29]	Loading obj at ../data/models/TurretBase.obj
[2018-02-24 18:52:29]	Converting to meshes... 
[2018-02-24 18:52:29]	Loading obj at ../data/models/TurretTop.obj
[2018-02-24 18:52:29]	Converting to meshes... 
[2018-02-24 18:52:29]	Loading obj at ../data/models/TurretGunsLeft.obj
[2018-02-24 18:52:29]	Converting to meshes... 
[2018-02-24 18:52:29]	Loading obj at ../data/models/TurretGunsRight.obj
[2018-02-24 18:52:29]	Converting to meshes... 
[2018-02-24 18:52:29]	Found path with length 140 
[2018-02-24 18:52:29]	Found path with length 58 
[2018-02-24 18:52:29]	Found path with length 96 
[2018-02-24 18:52:30]	Found path with length 123 
[2018-02-24 18:59:42]	Started game
[2018-02-24 18:59:42]	Loading obj at ../data/models/skybox.obj
[2018-02-24 18:59:44]	Loading obj at ../data/models/sand1.obj
[2018-02-24 18:59:44]	Converting to meshes... 
[2018-02-24 18:59:44]	Loading obj at ../data/models/sand2.obj
[2018-02-24 18:59:44]	Converting to meshes... 
[2018-02-24 18:59:44]	Loading obj at ../data/models/sand3.obj
[2018-02-24 18:59:44]	Converting to meshes... 
[2018-02-24 18:59:44]	Loading obj at ../data/models/wall.obj
[2018-02-24 18:59:44]	Converting to meshes... 
[2018-02-24 18:59:44]	Loading obj at ../data/models/brickCube.obj
[2018-02-24 18:59:44]	Converting to meshes... 
[2018-02-24 18:59:44]	Loading obj at ../data/models/miningTower.obj
[2018-02-24 18:59:44]	Converting to meshes... 
[2018-02-24 18:59:44]	Loading obj at ../data/models/photonTower.obj
[2018-02-24 18:59:44]	Converting to meshes... 
[2018-02-24 18:59:44]	Loading obj at ../data/models/treeTile1.obj
[2018-02-24 18:59:44]	Converting to meshes... 
[2018-02-24 18:59:44]	Loading obj at ../data/models/TurretBase.obj
[2018-02-24 18:59:44]	Converting to meshes... 
[2018-02-24 18:59:44]	Loading obj at ../data/models/TurretTop.obj
[2018-02-24 18:59:44]	Converting to meshes... 
[2018-02-24 18:59:44]	Loading obj at ../data/models/TurretGunsLeft.obj
[2018-02-24 18:59:44]	Converting to meshes... 
[2018-02-24 18:59:44]	Loading obj at ../data/models/TurretGunsRight.obj
[2018-02-24 18:59:44]	Converting to meshes... 
[2018-02-24 18:59:44]	Found path with length 140 
[2018-02-24 18:59:44]	Found path with length 58 
[2018-02-24 18:59:44]	Found path with length 96 
[2018-02-24 18:59:44]	Found path with length 123 
[2018-02-24 19:11:05]	Started game
[2018-02-24 19:11:05]	Loading obj at ../data/models/skybox.obj
[2018-02-24 19:11:06]	Loading obj at ../data/models/sand1.obj
[2018-02-24 19:11:06]	Converting to meshes... 
[2018-02-24 19:11:06]	Loading obj at ../data/models/sand2.obj
[2018-02-24 19:11:06]	Converting to meshes... 
[2018-02-24 19:11:06]	Loading obj at ../data/models/sand3.obj
[2018-02-24 19:11:06]	Converting to meshes... 
[2018-02-24 19:11:06]	Loading obj at ../data/models/wall.obj
[2018-02-24 19:11:06]	Converting to meshes... 
[2018-02-24 19:11:06]	Loading obj at ../data/models/brickCube.obj
[2018-02-24 19:11:06]	Converting to meshes... 
[2018-02-24 19:11:06]	Loading obj at ../data/models/miningTower.obj
[2018-02-24 19:11:06]	Converting to meshes... 
[2018-02-24 19:11:06]	Loading obj at ../data/models/photonTower.obj
[2018-02-24 19:11:06]	Converting to meshes... 
[2018-02-24 19:11:06]	Loading obj at ../data/models/treeTile1.obj
[2018-02-24 19:11:06]	Converting to meshes... 
[2018-02-24 19:11:06]	Loading obj at ../data/models/TurretBase.obj
[2018-02-24 19:11:06]	Converting to meshes... 
[2018-02-24 19:11:06]	Loading obj at ../data/models/TurretTop.obj
[2018-02-24 19:11:06]	Converting to meshes... 
[2018-02-24 19:11:06]	Loading obj at ../data/models/TurretGunsLeft.obj
[2018-02-24 19:11:06]	Converting to meshes... 
[2018-02-24 19:11:06]	Loading obj at ../data/models/TurretGunsRight.obj
[2018-02-24 19:11:06]	Converting to meshes... 
[2018-02-24 19:11:06]	Found path with length 140 
[2018-02-24 19:11:06]	Found path with length 58 
[2018-02-24 19:11:06]	Found path with length 96 
[2018-02-24 19:11:06]	Found path with length 123 
[2018-02-28 16:07:35]	Started game
[2018-02-28 16:07:36]	Loading obj at ../data/models/skybox.obj
[2018-02-28 16:07:37]	Loading obj at ../data/models/sand1.obj
[2018-02-28 16:07:37]	Converting to meshes... 
[2018-02-28 16:07:37]	Loading obj at ../data/models/sand2.obj
[2018-02-28 16:07:37]	Converting to meshes... 
[2018-02-28 16:07:37]	Loading obj at ../data/models/sand3.obj
[2018-02-28 16:07:37]	Converting to meshes... 
[2018-02-28 16:07:37]	Loading obj at ../data/models/wall.obj
[2018-02-28 16:07:37]	Converting to meshes... 
[2018-02-28 16:07:37]	Loading obj at ../data/models/brickCube.obj
[2018-02-28 16:07:37]	Converting to meshes... 
[2018-02-28 16:07:37]	Loading obj at ../data/models/miningTower.obj
[2018-02-28 16:07:37]	Converting to meshes... 
[2018-02-28 16:07:37]	Loading obj at ../data/models/photonTower.obj
[2018-02-28 16:07:38]	Converting to meshes... 
[2018-02-28 16:07:38]	Loading obj at ../data/models/treeTile1.obj
[2018-02-28 16:07:38]	Converting to meshes... 
[2018-02-28 16:07:38]	Loading obj at ../data/models/TurretBase.obj
[2018-02-28 16:07:38]	Converting to meshes... 
[2018-02-28 16:07:38]	Loading obj at ../data/models/TurretTop.obj
[2018-02-28 16:07:38]	Converting to meshes... 
[2018-02-28 16:07:38]	Loading obj at ../data/models/TurretGunsLeft.obj
[2018-02-28 16:07:38]	Converting to meshes... 
[2018-02-28 16:07:38]	Loading obj at ../data/models/TurretGunsRight.obj
[2018-02-28 16:07:38]	Converting to meshes... 
[2018-02-28 16:07:38]	Found path with length 140 
[2018-02-28 16:07:38]	Found path with length 58 
[2018-02-28 16:07:38]	Found path with length 96 
[2018-02-28 16:07:38]	Found path with length 123 
